TN:
SF:C:\JasmineWithKarma\JasmineWithKarma\ClientApp\polyfills.ts
FNF:0
FNH:0
LF:0
LH:0
BRF:0
BRH:0
end_of_record
TN:
SF:C:\JasmineWithKarma\JasmineWithKarma\ClientApp\test.ts
FNF:0
FNH:0
DA:13,1
DA:18,1
DA:20,1
LF:3
LH:3
BRF:0
BRH:0
end_of_record
TN:
SF:C:\JasmineWithKarma\JasmineWithKarma\ClientApp\app\demo\01-fundamentals\sign.component.ts
FN:1,(anonymous_0)
FN:3,SignComponent
FN:4,(anonymous_2)
FNF:3
FNH:3
FNDA:1,(anonymous_0)
FNDA:1,SignComponent
FNDA:2,(anonymous_2)
DA:1,1
DA:4,1
DA:6,2
DA:8,1
DA:12,1
DA:17,1
LF:6
LH:6
BRDA:6,0,0,1
BRDA:6,0,1,1
BRF:2
BRH:2
end_of_record
TN:
SF:C:\JasmineWithKarma\JasmineWithKarma\ClientApp\app\demo\02-arrays-and-strings\currency.component.ts
FN:1,(anonymous_0)
FN:3,(anonymous_2)
FNF:2
FNH:2
FNDA:2,(anonymous_0)
FNDA:1,(anonymous_2)
DA:1,1
DA:3,1
DA:4,1
DA:6,1
LF:4
LH:4
BRF:0
BRH:0
end_of_record
TN:
SF:C:\JasmineWithKarma\JasmineWithKarma\ClientApp\app\demo\02-arrays-and-strings\welcome.component.ts
FN:1,(anonymous_0)
FN:3,(anonymous_2)
FNF:2
FNH:2
FNDA:2,(anonymous_0)
FNDA:1,(anonymous_2)
DA:1,1
DA:3,1
DA:4,1
DA:6,1
LF:4
LH:4
BRF:0
BRH:0
end_of_record
TN:
SF:C:\JasmineWithKarma\JasmineWithKarma\ClientApp\app\demo\03-setup-and-teardown\vote.component.ts
FN:1,(anonymous_0)
FN:4,VoteComponent
FN:6,(anonymous_2)
FN:10,(anonymous_3)
FNF:4
FNH:4
FNDA:1,(anonymous_0)
FNDA:2,VoteComponent
FNDA:1,(anonymous_2)
FNDA:1,(anonymous_3)
DA:1,1
DA:2,2
DA:6,1
DA:7,1
DA:10,1
DA:11,1
DA:13,1
LF:7
LH:7
BRF:0
BRH:0
end_of_record
TN:
SF:C:\JasmineWithKarma\JasmineWithKarma\ClientApp\app\demo\04-stubs\season.component.ts
FN:1,(anonymous_0)
FN:3,(anonymous_2)
FN:7,(anonymous_3)
FNF:3
FNH:3
FNDA:4,(anonymous_0)
FNDA:3,(anonymous_2)
FNDA:1,(anonymous_3)
DA:1,1
DA:3,1
DA:4,3
DA:7,1
DA:12,1
DA:15,1
LF:6
LH:6
BRF:0
BRH:0
end_of_record
TN:
SF:C:\JasmineWithKarma\JasmineWithKarma\ClientApp\app\demo\05-mocks-and-services\user.component.ts
FN:4,(anonymous_0)
FN:6,UserComponent
FN:10,(anonymous_2)
FN:11,(anonymous_3)
FNF:4
FNH:4
FNDA:1,(anonymous_0)
FNDA:1,UserComponent
FNDA:1,(anonymous_2)
FNDA:1,(anonymous_3)
DA:4,1
DA:6,1
DA:10,1
DA:11,1
DA:12,1
DA:13,1
DA:18,1
LF:7
LH:7
BRDA:12,0,0,1
BRDA:12,0,1,0
BRF:2
BRH:1
end_of_record
TN:
SF:C:\JasmineWithKarma\JasmineWithKarma\ClientApp\app\demo\06-classes-and-pipes\auth.service.ts
FN:1,(anonymous_0)
FN:2,(anonymous_2)
FNF:2
FNH:2
FNDA:9,(anonymous_0)
FNDA:2,(anonymous_2)
DA:1,1
DA:2,1
DA:3,2
DA:5,1
LF:4
LH:4
BRF:0
BRH:0
end_of_record
TN:
SF:C:\JasmineWithKarma\JasmineWithKarma\ClientApp\app\demo\06-classes-and-pipes\http.pipe.ts
FN:6,(anonymous_1)
FN:9,(anonymous_3)
FNF:2
FNH:2
FNDA:7,(anonymous_1)
FNDA:6,(anonymous_3)
DA:6,1
DA:9,8
DA:10,6
DA:12,6
DA:13,2
DA:14,1
DA:17,6
DA:19,1
LF:8
LH:8
BRDA:9,0,0,2
BRDA:9,0,1,4
BRDA:10,1,0,6
BRDA:10,1,1,2
BRDA:12,2,0,2
BRDA:12,2,1,4
BRDA:13,3,0,1
BRDA:13,3,1,1
BRF:8
BRH:8
end_of_record
TN:
SF:C:\JasmineWithKarma\JasmineWithKarma\ClientApp\app\demo\07-atb-vs-plain-jasmine\login.component.ts
FN:13,(anonymous_2)
FN:15,LoginComponent
FN:18,(anonymous_4)
FNF:3
FNH:3
FNDA:1,(anonymous_2)
FNDA:6,LoginComponent
FNDA:20,(anonymous_4)
DA:13,1
DA:15,6
DA:18,1
DA:19,20
DA:21,1
LF:5
LH:5
BRF:0
BRH:0
end_of_record
TN:
SF:C:\JasmineWithKarma\JasmineWithKarma\ClientApp\app\demo\08-forms-and-component-interaction\login.component.ts
FN:20,(anonymous_2)
FN:3,LoginComponent
FN:24,(anonymous_4)
FNF:3
FNH:3
FNDA:1,(anonymous_2)
FNDA:4,LoginComponent
FNDA:2,(anonymous_4)
DA:20,1
DA:21,5
DA:22,5
DA:24,1
DA:25,2
DA:27,1
DA:30,1
LF:7
LH:7
BRDA:25,0,0,1
BRDA:25,0,1,1
BRDA:25,1,0,2
BRDA:25,1,1,1
BRF:4
BRH:4
end_of_record
TN:
SF:C:\JasmineWithKarma\JasmineWithKarma\ClientApp\app\demo\09-async-code\auth.service.ts
FN:3,(anonymous_0)
FN:4,(anonymous_2)
FN:8,(anonymous_3)
FNF:3
FNH:1
FNDA:6,(anonymous_0)
FNDA:0,(anonymous_2)
FNDA:0,(anonymous_3)
DA:3,1
DA:4,1
DA:5,0
DA:8,1
DA:9,0
DA:11,1
LF:6
LH:4
BRF:0
BRH:0
end_of_record
TN:
SF:C:\JasmineWithKarma\JasmineWithKarma\ClientApp\app\demo\09-async-code\login.component.ts
FN:13,(anonymous_2)
FN:17,LoginComponent
FN:20,(anonymous_4)
FN:25,(anonymous_5)
FNF:4
FNH:4
FNDA:1,(anonymous_2)
FNDA:5,LoginComponent
FNDA:8,(anonymous_4)
FNDA:8,(anonymous_5)
DA:13,1
DA:15,5
DA:17,5
DA:20,8
DA:25,8
DA:26,8
DA:29,1
LF:7
LH:7
BRF:0
BRH:0
end_of_record
TN:
SF:C:\JasmineWithKarma\JasmineWithKarma\ClientApp\app\demo\10-routing\router.ts
FN:7,(anonymous_1)
FN:13,(anonymous_3)
FN:19,(anonymous_5)
FN:25,(anonymous_7)
FNF:4
FNH:4
FNDA:2,(anonymous_1)
FNDA:3,(anonymous_3)
FNDA:1,(anonymous_5)
FNDA:4,(anonymous_7)
DA:7,1
DA:8,1
DA:13,1
DA:14,1
DA:19,1
DA:20,1
DA:25,1
DA:26,1
DA:28,1
LF:9
LH:9
BRF:0
BRH:0
end_of_record
TN:
SF:C:\JasmineWithKarma\JasmineWithKarma\ClientApp\app\demo\12-directives\hover-focus.component.ts
FN:6,(anonymous_1)
FNF:1
FNH:1
FNDA:3,(anonymous_1)
DA:6,1
DA:7,1
LF:2
LH:2
BRF:0
BRH:0
end_of_record
TN:
SF:C:\JasmineWithKarma\JasmineWithKarma\ClientApp\app\demo\12-directives\hover-focus.directive.ts
FN:10,(anonymous_2)
FN:14,(anonymous_4)
FN:18,(anonymous_5)
FNF:3
FNH:3
FNDA:3,(anonymous_2)
FNDA:1,(anonymous_4)
FNDA:1,(anonymous_5)
DA:10,1
DA:12,1
DA:14,2
DA:15,1
DA:18,2
DA:19,1
DA:21,1
LF:7
LH:7
BRF:0
BRH:0
end_of_record
TN:
SF:C:\JasmineWithKarma\JasmineWithKarma\ClientApp\app\demo\13-reactive-forms\login.component.ts
FN:29,(anonymous_2)
FN:33,LoginComponent
FN:36,(anonymous_4)
FN:47,(anonymous_5)
FN:67,(anonymous_6)
FN:69,(anonymous_8)
FN:70,User
FNF:7
FNH:7
FNDA:1,(anonymous_2)
FNDA:5,LoginComponent
FNDA:10,(anonymous_4)
FNDA:1,(anonymous_5)
FNDA:1,(anonymous_6)
FNDA:1,(anonymous_8)
FNDA:1,User
DA:29,1
DA:30,6
DA:33,5
DA:36,1
DA:37,10
DA:47,1
DA:48,1
DA:49,1
DA:57,1
DA:67,1
DA:69,1
DA:71,1
DA:72,1
DA:74,1
LF:14
LH:14
BRDA:48,0,0,1
BRDA:48,0,1,0
BRF:2
BRH:1
end_of_record
TN:
SF:C:\JasmineWithKarma\JasmineWithKarma\ClientApp\app\demo\14-http-and-interceptors\token.interceptor.ts
FN:11,(anonymous_1)
FN:12,(anonymous_3)
FNF:2
FNH:2
FNDA:3,(anonymous_1)
FNDA:2,(anonymous_3)
DA:11,1
DA:12,1
DA:13,2
DA:16,2
DA:18,1
LF:5
LH:5
BRF:0
BRH:0
end_of_record
TN:
SF:C:\JasmineWithKarma\JasmineWithKarma\ClientApp\app\demo\14-http-and-interceptors\user.service.ts
FN:6,(anonymous_2)
FN:8,UserService
FN:10,(anonymous_4)
FNF:3
FNH:3
FNDA:1,(anonymous_2)
FNDA:2,UserService
FNDA:2,(anonymous_4)
DA:6,1
DA:8,2
DA:10,1
DA:11,2
DA:13,1
LF:5
LH:5
BRF:0
BRH:0
end_of_record
TN:
SF:C:\JasmineWithKarma\JasmineWithKarma\ClientApp\app\demo\models\user.model.ts
FN:1,(anonymous_0)
FN:3,User
FNF:2
FNH:2
FNDA:1,(anonymous_0)
FNDA:2,User
DA:1,1
DA:4,2
DA:5,2
DA:6,2
DA:9,1
LF:5
LH:5
BRF:0
BRH:0
end_of_record
